<?xml version="1.0" encoding="utf-8" standalone="no"?>
<test-results xmlns:xsi="http://www.w3.org/2001/XMLSchema-instance" xsi:noNamespaceSchemaLocation="nunit_schema_2.5.xsd" name="Pester" total="69" errors="0" failures="0" not-run="0" inconclusive="0" ignored="0" skipped="0" invalid="0" date="2026-09-24" time="16:58:04">
  <environment os-version="27.0.0" nunit-version="2.5.8.0" platform="Darwin" user="xvl" clr-version="10.0.12" user-domain="" cwd="/Users/xvl/Library/CloudStorage/OneDrive-SharedLibraries-ArgelisConsultancy/Revitalise Respite Holidays - Optimisation Grant Application Process/Repository/Revitalise" machine-name="WHXCTG0454" />
  <culture-info current-culture="en-NL" current-uiculture="en-NL" />
  <test-suite type="TestFixture" name="Pester" executed="True" result="Success" success="True" time="0.8552" asserts="0" description="Pester">
    <results>
      <test-suite type="TestFixture" name="/Users/xvl/Library/CloudStorage/OneDrive-SharedLibraries-ArgelisConsultancy/Revitalise Respite Holidays - Optimisation Grant Application Process/Repository/Revitalise/src/tests/solutions/IntakeContract.Tests.ps1" executed="True" result="Success" success="True" time="0.8552" asserts="0" description="/Users/xvl/Library/CloudStorage/OneDrive-SharedLibraries-ArgelisConsultancy/Revitalise Respite Holidays - Optimisation Grant Application Process/Repository/Revitalise/src/tests/solutions/IntakeContract.Tests.ps1">
        <results>
          <test-suite type="TestFixture" name="The intake trigger is the solution's one public endpoint" executed="True" result="Success" success="True" time="0.0715" asserts="0" description="The intake trigger is the solution's one public endpoint">
            <results>
              <test-case description="is an HTTP request trigger accepting POST only" name="The intake trigger is the solution's one public endpoint.is an HTTP request trigger accepting POST only" time="0.05" asserts="0" success="True" result="Success" executed="True" />
              <test-case description="caps concurrency at 1, because the applicant match-or-create is read-then-write" name="The intake trigger is the solution's one public endpoint.caps concurrency at 1, because the applicant match-or-create is read-then-write" time="0.0044" asserts="0" success="True" result="Success" executed="True" />
              <test-case description="is the only trigger — there is no second entry point" name="The intake trigger is the solution's one public endpoint.is the only trigger — there is no second entry point" time="0.0034" asserts="0" success="True" result="Success" executed="True" />
            </results>
          </test-suite>
          <test-suite type="TestFixture" name="C-TECH-006 / NFR-008 — the trigger authentication control is recorded in the source (D-001)" executed="True" result="Success" success="True" time="0.1159" asserts="0" description="C-TECH-006 / NFR-008 — the trigger authentication control is recorded in the source (D-001)">
            <results>
              <test-case description="the trigger description itself names the control and points to the full record" name="C-TECH-006 / NFR-008 — the trigger authentication control is recorded in the source (D-001).the trigger description itself names the control and points to the full record" time="0.0086" asserts="0" success="True" result="Success" executed="True" />
              <test-case description="names the exact authentication parameter value that must be configured" name="C-TECH-006 / NFR-008 — the trigger authentication control is recorded in the source (D-001).names the exact authentication parameter value that must be configured" time="0.0026" asserts="0" success="True" result="Success" executed="True" />
              <test-case description="records that &quot;Anyone&quot; is a defect rather than an option" name="C-TECH-006 / NFR-008 — the trigger authentication control is recorded in the source (D-001).records that &quot;Anyone&quot; is a defect rather than an option" time="0.0017" asserts="0" success="True" result="Success" executed="True" />
              <test-case description="names the exact audience and the double-slash client-credentials scope" name="C-TECH-006 / NFR-008 — the trigger authentication control is recorded in the source (D-001).names the exact audience and the double-slash client-credentials scope" time="0.003" asserts="0" success="True" result="Success" executed="True" />
              <test-case description="points at the provisioning script that produces the value and the one that verifies it" name="C-TECH-006 / NFR-008 — the trigger authentication control is recorded in the source (D-001).points at the provisioning script that produces the value and the one that verifies it" time="0.0021" asserts="0" success="True" result="Success" executed="True" />
              <test-case description="cites the Microsoft documentation the configuration was verified against" name="C-TECH-006 / NFR-008 — the trigger authentication control is recorded in the source (D-001).cites the Microsoft documentation the configuration was verified against" time="0.0017" asserts="0" success="True" result="Success" executed="True" />
              <test-case description="states that ADR-011 remains OPEN — the fix does not close the channel decision" name="C-TECH-006 / NFR-008 — the trigger authentication control is recorded in the source (D-001).states that ADR-011 remains OPEN — the fix does not close the channel decision" time="0.0049" asserts="0" success="True" result="Success" executed="True" />
              <test-case description="does NOT surface the Authorization header into trigger outputs" name="C-TECH-006 / NFR-008 — the trigger authentication control is recorded in the source (D-001).does NOT surface the Authorization header into trigger outputs" time="0.005" asserts="0" success="True" result="Success" executed="True" />
              <test-case description="the environment variable holds the APPLICATION id and says so, distinct from the object id" name="C-TECH-006 / NFR-008 — the trigger authentication control is recorded in the source (D-001).the environment variable holds the APPLICATION id and says so, distinct from the object id" time="0.0095" asserts="0" success="True" result="Success" executed="True" />
              <test-case description="the client id is a plain environment variable, never a secret-typed one" name="C-TECH-006 / NFR-008 — the trigger authentication control is recorded in the source (D-001).the client id is a plain environment variable, never a secret-typed one" time="0.0025" asserts="0" success="True" result="Success" executed="True" />
            </results>
          </test-suite>
          <test-suite type="TestFixture" name="The second gate, and the coupling its smoke test depends on" executed="True" result="Success" success="True" time="0.1682" asserts="0" description="The second gate, and the coupling its smoke test depends on">
            <results>
              <test-case description="is the FIRST action — nothing runs before the caller is checked" name="The second gate, and the coupling its smoke test depends on.is the FIRST action — nothing runs before the caller is checked" time="0.0197" asserts="0" success="True" result="Success" executed="True" />
              <test-case description="compares the header against the environment variable, with an empty-string fallback" name="The second gate, and the coupling its smoke test depends on.compares the header against the environment variable, with an empty-string fallback" time="0.0071" asserts="0" success="True" result="Success" executed="True" />
              <test-case description="responds 401 and then terminates as Cancelled, so a scanner does not page the process owner" name="The second gate, and the coupling its smoke test depends on.responds 401 and then terminates as Cancelled, so a scanner does not page the process owner" time="0.0052" asserts="0" success="True" result="Success" executed="True" />
              <test-case description="writes nothing on the rejection path — the branch contains only a Response and a Terminate" name="The second gate, and the coupling its smoke test depends on.writes nothing on the rejection path — the branch contains only a Response and a Terminate" time="0.006" asserts="0" success="True" result="Success" executed="True" />
              <test-case description="THE COUPLING: the flow's 401 body is exactly what the smoke test matches on" name="The second gate, and the coupling its smoke test depends on.THE COUPLING: the flow's 401 body is exactly what the smoke test matches on" time="0.0043" asserts="0" success="True" result="Success" executed="True" />
              <test-case description="the rejection reveals nothing about the schema, the tenant or the tables" name="The second gate, and the coupling its smoke test depends on.the rejection reveals nothing about the schema, the tenant or the tables" time="0.0034" asserts="0" success="True" result="Success" executed="True" />
            </results>
          </test-suite>
          <test-suite type="TestFixture" name="The payload contract published to the external integrator" executed="True" result="Success" success="True" time="0.2189" asserts="0" description="The payload contract published to the external integrator">
            <results>
              <test-case description="requires exactly the four fields the LIVE form always collects (D-003)" name="The payload contract published to the external integrator.requires exactly the four fields the LIVE form always collects (D-003)" time="0.0029" asserts="0" success="True" result="Success" executed="True" />
              <test-case description="the reject guard, the 400 body and the log line all name the SAME four fields" name="The payload contract published to the external integrator.the reject guard, the 400 body and the log line all name the SAME four fields" time="0.014" asserts="0" success="True" result="Success" executed="True" />
              <test-case description="still ACCEPTS email and date_of_birth — not required is not the same as not accepted" name="The payload contract published to the external integrator.still ACCEPTS email and date_of_birth — not required is not the same as not accepted" time="0.0032" asserts="0" success="True" result="Success" executed="True" />
              <test-case description="accepts age_range, which is what the live form asks instead of a date of birth" name="The payload contract published to the external integrator.accepts age_range, which is what the live form asks instead of a date of birth" time="0.0028" asserts="0" success="True" result="Success" executed="True" />
              <test-case description="declares 85 schema properties" name="The payload contract published to the external integrator.declares 85 schema properties" time="0.0017" asserts="0" success="True" result="Success" executed="True" />
              <test-case description="every required field is also a declared property" name="The payload contract published to the external integrator.every required field is also a declared property" time="0.0033" asserts="0" success="True" result="Success" executed="True" />
              <test-case description="does NOT require any of the eleven scored answers — a missing answer withholds scoring, it does not reject the application" name="The payload contract published to the external integrator.does NOT require any of the eleven scored answers — a missing answer withholds scoring, it does not reject the application" time="0.0073" asserts="0" success="True" result="Success" executed="True" />
              <test-case description="the breaking-change removals are gone from the EXECUTABLE definition, not merely from the schema" name="The payload contract published to the external integrator.the breaking-change removals are gone from the EXECUTABLE definition, not merely from the schema" time="0.0053" asserts="0" success="True" result="Success" executed="True" />
              <test-case description="never lets the website write rev_grouplinkage — it is the process owner's own admin grouping" name="The payload contract published to the external integrator.never lets the website write rev_grouplinkage — it is the process owner's own admin grouping" time="0.0026" asserts="0" success="True" result="Success" executed="True" />
              <test-case description="accepts the life-satisfaction answer as a whole number, not a five-option choice" name="The payload contract published to the external integrator.accepts the life-satisfaction answer as a whole number, not a five-option choice" time="0.0021" asserts="0" success="True" result="Success" executed="True" />
              <test-case description="accepts ethnic group, resolving SDD OQ-027 (2026-08-27, reviewer direction)" name="The payload contract published to the external integrator.accepts ethnic group, resolving SDD OQ-027 (2026-08-27, reviewer direction)" time="0.003" asserts="0" success="True" result="Success" executed="True" />
            </results>
          </test-suite>
          <test-suite type="TestFixture" name="Form-field-corrections pass (2026-08-17) — the seven work items, at the payload boundary" executed="True" result="Success" success="True" time="0.2656" asserts="0" description="Form-field-corrections pass (2026-08-17) — the seven work items, at the payload boundary">
            <results>
              <test-case description="no longer accepts the three carer fields the live form has never asked (W6/FR-076)" name="Form-field-corrections pass (2026-08-17) — the seven work items, at the payload boundary.no longer accepts the three carer fields the live form has never asked (W6/FR-076)" time="0.006" asserts="0" success="True" result="Success" executed="True" />
              <test-case description="renamed currently_working to employment_status, and it is a label string, not a boolean (W2/D-3/D-7)" name="Form-field-corrections pass (2026-08-17) — the seven work items, at the payload boundary.renamed currently_working to employment_status, and it is a label string, not a boolean (W2/D-3/D-7)" time="0.0038" asserts="0" success="True" result="Success" executed="True" />
              <test-case description="exceptional_circumstance is a label string, not a boolean (W1/D-4 history)" name="Form-field-corrections pass (2026-08-17) — the seven work items, at the payload boundary.exceptional_circumstance is a label string, not a boolean (W1/D-4 history)" time="0.0026" asserts="0" success="True" result="Success" executed="True" />
              <test-case description="accepts care_hours_per_week, consent_explanation and preferred_contact_method (W5/W4/W3)" name="Form-field-corrections pass (2026-08-17) — the seven work items, at the payload boundary.accepts care_hours_per_week, consent_explanation and preferred_contact_method (W5/W4/W3)" time="0.0084" asserts="0" success="True" result="Success" executed="True" />
              <test-case description="declares 85 schema properties" name="Form-field-corrections pass (2026-08-17) — the seven work items, at the payload boundary.declares 85 schema properties" time="0.002" asserts="0" success="True" result="Success" executed="True" />
              <test-case description="exceptional_circumstance, employment_status and care_hours_per_week are all resolved through a Derive_* action, never written straight from the trigger body (FR-077)" name="Form-field-corrections pass (2026-08-17) — the seven work items, at the payload boundary.exceptional_circumstance, employment_status and care_hours_per_week are all resolved through a Derive_* action, never written straight from the trigger body (FR-077)" time="0.0037" asserts="0" success="True" result="Success" executed="True" />
              <test-case description="the three FR-077 label-map chains each resolve to null, never a guessed value, when nothing matches" name="Form-field-corrections pass (2026-08-17) — the seven work items, at the payload boundary.the three FR-077 label-map chains each resolve to null, never a guessed value, when nothing matches" time="0.0043" asserts="0" success="True" result="Success" executed="True" />
              <test-case description="writes rev_intakereviewnote and rev_consentexplanation on the application, and rev_preferredcontactmethod on the applicant" name="Form-field-corrections pass (2026-08-17) — the seven work items, at the payload boundary.writes rev_intakereviewnote and rev_consentexplanation on the application, and rev_preferredcontactmethod on the applicant" time="0.011" asserts="0" success="True" result="Success" executed="True" />
              <test-case description="rev_carehoursperweek is finally mapped — it existed as a schema column with no intake mapping until this pass" name="Form-field-corrections pass (2026-08-17) — the seven work items, at the payload boundary.rev_carehoursperweek is finally mapped — it existed as a schema column with no intake mapping until this pass" time="0.0019" asserts="0" success="True" result="Success" executed="True" />
            </results>
          </test-suite>
          <test-suite type="TestFixture" name="The intake survives what the live form actually sends (D-003)" executed="True" result="Success" success="True" time="0.2846" asserts="0" description="The intake survives what the live form actually sends (D-003)">
            <results>
              <test-case description="derives rev_agerange from the band the form sent, before falling back to a date of birth" name="The intake survives what the live form actually sends (D-003).derives rev_agerange from the band the form sent, before falling back to a date of birth" time="0.0049" asserts="0" success="True" result="Success" executed="True" />
              <test-case description="falls back to 9 (Not known) rather than guessing a band" name="The intake survives what the live form actually sends (D-003).falls back to 9 (Not known) rather than guessing a band" time="0.0017" asserts="0" success="True" result="Success" executed="True" />
              <test-case description="writes no date of birth when none was sent, instead of failing the run" name="The intake survives what the live form actually sends (D-003).writes no date of birth when none was sent, instead of failing the run" time="0.0024" asserts="0" success="True" result="Success" executed="True" />
              <test-case description="writes no email when none was sent, instead of failing the run on trim(null)" name="The intake survives what the live form actually sends (D-003).writes no email when none was sent, instead of failing the run on trim(null)" time="0.0023" asserts="0" success="True" result="Success" executed="True" />
              <test-case description="matches an existing applicant on name and postcode when no email was collected" name="The intake survives what the live form actually sends (D-003).matches an existing applicant on name and postcode when no email was collected" time="0.0037" asserts="0" success="True" result="Success" executed="True" />
            </results>
          </test-suite>
          <test-suite type="TestFixture" name="IMP-0112 — the six label/band maps are read by one List rows call, not six keyed Get-a-row-by-id calls" executed="True" result="Success" success="True" time="0.3242" asserts="0" description="IMP-0112 — the six label/band maps are read by one List rows call, not six keyed Get-a-row-by-id calls">
            <results>
              <test-case description="all six configuration rows are read at run time, in one List rows call" name="IMP-0112 — the six label/band maps are read by one List rows call, not six keyed Get-a-row-by-id calls.all six configuration rows are read at run time, in one List rows call" time="0.0077" asserts="0" success="True" result="Success" executed="True" />
              <test-case description="every configuration value is extracted by name, never by position or by a GUID" name="IMP-0112 — the six label/band maps are read by one List rows call, not six keyed Get-a-row-by-id calls.every configuration value is extracted by name, never by position or by a GUID" time="0.0173" asserts="0" success="True" result="Success" executed="True" />
              <test-case description="no configuration read uses Get-a-row-by-id with an alternate key — the shape the connector rejects" name="IMP-0112 — the six label/band maps are read by one List rows call, not six keyed Get-a-row-by-id calls.no configuration read uses Get-a-row-by-id with an alternate key — the shape the connector rejects" time="0.0022" asserts="0" success="True" result="Success" executed="True" />
              <test-case description="a short configuration result fails the run rather than deriving age range, location area or a label mapping from nulls" name="IMP-0112 — the six label/band maps are read by one List rows call, not six keyed Get-a-row-by-id calls.a short configuration result fails the run rather than deriving age range, location area or a label mapping from nulls" time="0.0041" asserts="0" success="True" result="Success" executed="True" />
              <test-case description="the whole executable definition carries none of the six alternate-key literals" name="IMP-0112 — the six label/band maps are read by one List rows call, not six keyed Get-a-row-by-id calls.the whole executable definition carries none of the six alternate-key literals" time="0.0036" asserts="0" success="True" result="Success" executed="True" />
            </results>
          </test-suite>
          <test-suite type="TestFixture" name="TAD §5.1 — the replay guard runs before any write" executed="True" result="Success" success="True" time="0.3327" asserts="0" description="TAD §5.1 — the replay guard runs before any write">
            <results>
              <test-case description="queries the rev_sourcesubmissionid alternate key before the first create" name="TAD §5.1 — the replay guard runs before any write.queries the rev_sourcesubmissionid alternate key before the first create" time="0.0039" asserts="0" success="True" result="Success" executed="True" />
              <test-case description="a replay returns the existing reference and terminates rather than writing again" name="TAD §5.1 — the replay guard runs before any write.a replay returns the existing reference and terminates rather than writing again" time="0.0014" asserts="0" success="True" result="Success" executed="True" />
              <test-case description="does not set rev_name — the reference format is platform-enforced by the autonumber (FR-008)" name="TAD §5.1 — the replay guard runs before any write.does not set rev_name — the reference format is platform-enforced by the autonumber (FR-008)" time="0.0014" asserts="0" success="True" result="Success" executed="True" />
            </results>
          </test-suite>
          <test-suite type="TestFixture" name="C-TECH-005 — user input interpolated into an OData filter is escaped" executed="True" result="Success" success="True" time="0.3757" asserts="0" description="C-TECH-005 — user input interpolated into an OData filter is escaped">
            <results>
              <test-case description="the definition contains OData filters built from user input" name="C-TECH-005 — user input interpolated into an OData filter is escaped.the definition contains OData filters built from user input" time="0.0017" asserts="0" success="True" result="Success" executed="True" />
              <test-case description="EVERY filter that interpolates user input escapes it by DOUBLING the single quote" name="C-TECH-005 — user input interpolated into an OData filter is escaped.EVERY filter that interpolates user input escapes it by DOUBLING the single quote" time="0.004" asserts="0" success="True" result="Success" executed="True" />
              <test-case description="all four interpolated values are escaped — email, first name, last name and submission id" name="C-TECH-005 — user input interpolated into an OData filter is escaped.all four interpolated values are escaped — email, first name, last name and submission id" time="0.0045" asserts="0" success="True" result="Success" executed="True" />
            </results>
          </test-suite>
          <test-suite type="TestFixture" name="EF-35 (2026-09-22) — support-recipient age confirmation is accepted ahead of the form" executed="True" result="Success" success="True" time="0.4379" asserts="0" description="EF-35 (2026-09-22) — support-recipient age confirmation is accepted ahead of the form">
            <results>
              <test-case description="declares both new trigger-schema properties, alongside the existing applicant pair" name="EF-35 (2026-09-22) — support-recipient age confirmation is accepted ahead of the form.declares both new trigger-schema properties, alongside the existing applicant pair" time="0.0055" asserts="0" success="True" result="Success" executed="True" />
              <test-case description="binds both new properties onto the application, next to the applicant age confirmation" name="EF-35 (2026-09-22) — support-recipient age confirmation is accepted ahead of the form.binds both new properties onto the application, next to the applicant age confirmation" time="0.0025" asserts="0" success="True" result="Success" executed="True" />
              <test-case description="the new bit column carries no default value, so &quot;never asked&quot; stays distinct from &quot;confirmed not over 18&quot;" name="EF-35 (2026-09-22) — support-recipient age confirmation is accepted ahead of the form.the new bit column carries no default value, so &quot;never asked&quot; stays distinct from &quot;confirmed not over 18&quot;" time="0.0266" asserts="0" success="True" result="Success" executed="True" />
              <test-case description="the date column mirrors rev_ageconfirmationconsentdate exactly (UserLocal datetime)" name="EF-35 (2026-09-22) — support-recipient age confirmation is accepted ahead of the form.the date column mirrors rev_ageconfirmationconsentdate exactly (UserLocal datetime)" time="0.0089" asserts="0" success="True" result="Success" executed="True" />
              <test-case description="the gap is recorded in the form-validation spec M-10, dated, with Alex named as owner (IMP-0744 precedent)" name="EF-35 (2026-09-22) — support-recipient age confirmation is accepted ahead of the form.the gap is recorded in the form-validation spec M-10, dated, with Alex named as owner (IMP-0744 precedent)" time="0.0164" asserts="0" success="True" result="Success" executed="True" />
            </results>
          </test-suite>
          <test-suite type="TestFixture" name="EF-36 (2026-09-22) — age eligibility section on the Application form, and the bug this dispatch fixed" executed="True" result="Success" success="True" time="0.483" asserts="0" description="EF-36 (2026-09-22) — age eligibility section on the Application form, and the bug this dispatch fixed">
            <results>
              <test-case description="each of the three eligibility fields appears on the form exactly once" name="EF-36 (2026-09-22) — age eligibility section on the Application form, and the bug this dispatch fixed.each of the three eligibility fields appears on the form exactly once" time="0.0058" asserts="0" success="True" result="Success" executed="True" />
              <test-case description="rev_ageconfirmationconsent sits in the Age Eligibility section, not Consents (regression for the 2026-09-22 mis-binding)" name="EF-36 (2026-09-22) — age eligibility section on the Application form, and the bug this dispatch fixed.rev_ageconfirmationconsent sits in the Age Eligibility section, not Consents (regression for the 2026-09-22 mis-binding)" time="0.0151" asserts="0" success="True" result="Success" executed="True" />
              <test-case description="rev_supportrecipientageconfirmation sits in the same Age Eligibility section" name="EF-36 (2026-09-22) — age eligibility section on the Application form, and the bug this dispatch fixed.rev_supportrecipientageconfirmation sits in the same Age Eligibility section" time="0.0034" asserts="0" success="True" result="Success" executed="True" />
              <test-case description="rev_agerange is now embedded via a Quick View Form on rev_applicant, closing A-AGE-1 (2026-09-23)" name="EF-36 (2026-09-22) — age eligibility section on the Application form, and the bug this dispatch fixed.rev_agerange is now embedded via a Quick View Form on rev_applicant, closing A-AGE-1 (2026-09-23)" time="0.005" asserts="0" success="True" result="Success" executed="True" />
            </results>
          </test-suite>
          <test-suite type="TestFixture" name="EF-01 / EF-38 (closed 2026-09-23, A-LOC-1 / A-ATYPE-1) — Location Area and Applicant Type Quick View embeds" executed="True" result="Success" success="True" time="0.5185" asserts="0" description="EF-01 / EF-38 (closed 2026-09-23, A-LOC-1 / A-ATYPE-1) — Location Area and Applicant Type Quick View embeds">
            <results>
              <test-case description="rev_locationarea and rev_applicanttype are never bound as a direct control on the Application form" name="EF-01 / EF-38 (closed 2026-09-23, A-LOC-1 / A-ATYPE-1) — Location Area and Applicant Type Quick View embeds.rev_locationarea and rev_applicanttype are never bound as a direct control on the Application form" time="0.0021" asserts="0" success="True" result="Success" executed="True" />
              <test-case description="the General tab carries a Quick View embed for Location Area (A-LOC-1), ahead of the untouched Casework tab" name="EF-01 / EF-38 (closed 2026-09-23, A-LOC-1 / A-ATYPE-1) — Location Area and Applicant Type Quick View embeds.the General tab carries a Quick View embed for Location Area (A-LOC-1), ahead of the untouched Casework tab" time="0.0055" asserts="0" success="True" result="Success" executed="True" />
              <test-case description="the Support Needs tab carries a Quick View embed for Applicant Type (A-ATYPE-1)" name="EF-01 / EF-38 (closed 2026-09-23, A-LOC-1 / A-ATYPE-1) — Location Area and Applicant Type Quick View embeds.the Support Needs tab carries a Quick View embed for Applicant Type (A-ATYPE-1)" time="0.0052" asserts="0" success="True" result="Success" executed="True" />
              <test-case description="both underlying Applicant-record columns already exist with the security posture EF-02 established" name="EF-01 / EF-38 (closed 2026-09-23, A-LOC-1 / A-ATYPE-1) — Location Area and Applicant Type Quick View embeds.both underlying Applicant-record columns already exist with the security posture EF-02 established" time="0.0189" asserts="0" success="True" result="Success" executed="True" />
            </results>
          </test-suite>
          <test-suite type="TestFixture" name="Quick View Forms on rev_applicant (A-LOC-1 / A-ATYPE-1 / A-AGE-1, wbs:4.5) — the three files this dispatch built" executed="True" result="Success" success="True" time="0.5645" asserts="0" description="Quick View Forms on rev_applicant (A-LOC-1 / A-ATYPE-1 / A-AGE-1, wbs:4.5) — the three files this dispatch built">
            <results>
              <test-case description="each Quick View Form file exists, is a single-field form of type quick, and is self-referencing" name="Quick View Forms on rev_applicant (A-LOC-1 / A-ATYPE-1 / A-AGE-1, wbs:4.5) — the three files this dispatch built.each Quick View Form file exists, is a single-field form of type quick, and is self-referencing" time="0.0421" asserts="0" success="True" result="Success" executed="True" />
            </results>
          </test-suite>
        </results>
      </test-suite>
    </results>
  </test-suite>
</test-results>