<?xml version="1.0" encoding="utf-8" standalone="no"?>
<test-results xmlns:xsi="http://www.w3.org/2001/XMLSchema-instance" xsi:noNamespaceSchemaLocation="nunit_schema_2.5.xsd" name="Pester" total="5" errors="0" failures="0" not-run="0" inconclusive="0" ignored="0" skipped="0" invalid="0" date="2026-09-04" time="13:50:45">
  <environment machine-name="WHXCTG0454" os-version="25.6.0" nunit-version="2.5.8.0" user="xvl" cwd="/Users/xvl/Library/CloudStorage/OneDrive-SharedLibraries-ArgelisConsultancy/Revitalise Respite Holidays - Optimisation Grant Application Process/Repository/Revitalise" clr-version="10.0.11" user-domain="" platform="Darwin" />
  <culture-info current-culture="en-NL" current-uiculture="en-NL" />
  <test-suite type="TestFixture" name="Pester" executed="True" result="Success" success="True" time="1.6219" asserts="0" description="Pester">
    <results>
      <test-suite type="TestFixture" name="/Users/xvl/Library/CloudStorage/OneDrive-SharedLibraries-ArgelisConsultancy/Revitalise Respite Holidays - Optimisation Grant Application Process/Repository/Revitalise/src/tests/provisioning/VerifySolutionComponents.Tests.ps1" executed="True" result="Success" success="True" time="1.6219" asserts="0" description="/Users/xvl/Library/CloudStorage/OneDrive-SharedLibraries-ArgelisConsultancy/Revitalise Respite Holidays - Optimisation Grant Application Process/Repository/Revitalise/src/tests/provisioning/VerifySolutionComponents.Tests.ps1">
        <results>
          <test-suite type="TestFixture" name="verify-solution-components.ps1 — static consistency gates the live check (IMP-0013)" executed="True" result="Success" success="True" time="0.3491" asserts="0" description="verify-solution-components.ps1 — static consistency gates the live check (IMP-0013)">
            <results>
              <test-case description="FAILS and makes NO Dataverse call when the source itself is inconsistent" name="verify-solution-components.ps1 — static consistency gates the live check (IMP-0013).FAILS and makes NO Dataverse call when the source itself is inconsistent" time="0.3276" asserts="0" success="True" result="Success" executed="True" />
            </results>
          </test-suite>
          <test-suite type="TestFixture" name="verify-solution-components.ps1 — live existence, derived from source, never hand-typed" executed="True" result="Success" success="True" time="1.3725" asserts="0" description="verify-solution-components.ps1 — live existence, derived from source, never hand-typed">
            <results>
              <test-case description="PASSES every check when every declared component and subcomponent exists live with matching shape" name="verify-solution-components.ps1 — live existence, derived from source, never hand-typed.PASSES every check when every declared component and subcomponent exists live with matching shape" time="0.3761" asserts="0" success="True" result="Success" executed="True" />
              <test-case description="FAILS and NAMES the savedquery when it does not exist live — the exact IMP-0013 omission" name="verify-solution-components.ps1 — live existence, derived from source, never hand-typed.FAILS and NAMES the savedquery when it does not exist live — the exact IMP-0013 omission" time="0.2111" asserts="0" success="True" result="Success" executed="True" />
              <test-case description="FAILS and NAMES the missing attribute when a table has fewer live attributes than source declares (IMP-0122)" name="verify-solution-components.ps1 — live existence, derived from source, never hand-typed.FAILS and NAMES the missing attribute when a table has fewer live attributes than source declares (IMP-0122)" time="0.2118" asserts="0" success="True" result="Success" executed="True" />
              <test-case description="skips the idempotency re-import step when -SolutionZipPath is not supplied, without failing" name="verify-solution-components.ps1 — live existence, derived from source, never hand-typed.skips the idempotency re-import step when -SolutionZipPath is not supplied, without failing" time="0.2208" asserts="0" success="True" result="Success" executed="True" />
            </results>
          </test-suite>
        </results>
      </test-suite>
    </results>
  </test-suite>
</test-results>